Tue, 22 Sep 2020 17:09:52 GMT - Error - ERROR: cannot find shop by id  undefined, err: Error: Argument passed in must be a single String of 12 bytes or a string of 24 hex characters
Tue, 22 Sep 2020 17:11:52 GMT - Error - ERROR: cannot find shop by id  undefined, err: Error: Argument passed in must be a single String of 12 bytes or a string of 24 hex characters
Tue, 22 Sep 2020 17:33:03 GMT - Info - Pet 5f6a1578417318fe8d1ee036 was updated well!
Tue, 22 Sep 2020 17:33:27 GMT - Info - Pet 5f6a1578417318fe8d1ee036 was updated well!
Tue, 22 Sep 2020 17:33:28 GMT - Info - Pet 5f6a1578417318fe8d1ee036 was updated well!
Tue, 22 Sep 2020 17:35:00 GMT - Info - Pet 5f6a1578417318fe8d1ee033 was updated well!
Tue, 22 Sep 2020 17:35:11 GMT - Info - Pet 5f6a1578417318fe8d1ee033 was updated well!
Tue, 22 Sep 2020 17:42:52 GMT - Info - Pet 5f6a1578417318fe8d1ee036 was updated well!
Tue, 22 Sep 2020 17:43:07 GMT - Info - Pet 5f6a1578417318fe8d1ee033 was updated well!
Tue, 22 Sep 2020 17:43:13 GMT - Info - Pet 5f6a1578417318fe8d1ee036 was updated well!
Tue, 22 Sep 2020 17:43:23 GMT - Info - Pet 5f6a1578417318fe8d1ee046 was updated well!
Tue, 22 Sep 2020 17:43:40 GMT - Info - Pet 5f6a1578417318fe8d1ee046 was updated well!
Tue, 22 Sep 2020 17:43:54 GMT - Info - Pet 5f6a1578417318fe8d1ee045 was updated well!
Tue, 22 Sep 2020 17:44:16 GMT - Info - Pet 5f6a1578417318fe8d1ee036 was updated well!
Tue, 22 Sep 2020 17:44:20 GMT - Info - Pet 5f6a1578417318fe8d1ee036 was updated well!
Tue, 22 Sep 2020 18:21:01 GMT - Info - Pet 5f6a16ac417318fe8d1ee0ac was updated well!
Tue, 22 Sep 2020 18:26:56 GMT - Info - Pet 5f6a1578417318fe8d1ee033 was updated well!
Tue, 22 Sep 2020 18:27:00 GMT - Info - Pet 5f6a1578417318fe8d1ee03f was updated well!
Tue, 22 Sep 2020 18:27:01 GMT - Info - Pet 5f6a1578417318fe8d1ee03f was updated well!
Tue, 22 Sep 2020 18:27:01 GMT - Info - Pet 5f6a1578417318fe8d1ee03f was updated well!
Tue, 22 Sep 2020 18:27:29 GMT - Info - Pet 5f6a1578417318fe8d1ee033 was updated well!
Tue, 22 Sep 2020 18:27:32 GMT - Info - Pet 5f6a1578417318fe8d1ee033 was updated well!
Tue, 22 Sep 2020 18:31:11 GMT - Info - Pet 5f6a1578417318fe8d1ee036 was updated well!
Tue, 22 Sep 2020 18:31:14 GMT - Info - Pet 5f6a1578417318fe8d1ee039 was updated well!
Tue, 22 Sep 2020 18:31:26 GMT - Info - Pet 5f6a1578417318fe8d1ee03f was updated well!
Tue, 22 Sep 2020 18:31:28 GMT - Info - Pet 5f6a1578417318fe8d1ee03f was updated well!
Tue, 22 Sep 2020 19:34:51 GMT - Info - Order 5f6a51dbd1c9714a8c0195ff was creted well!
Tue, 22 Sep 2020 19:35:14 GMT - Info - Order 5f6a51dbd1c9714a8c0195ff was removed well!
Tue, 22 Sep 2020 19:35:26 GMT - Info - Order 5f6a51fed1c9714a8c019600 was creted well!
Tue, 22 Sep 2020 19:35:59 GMT - Info - Order 5f6a51fed1c9714a8c019600 was updated well!
Tue, 22 Sep 2020 19:36:08 GMT - Info - Order 5f6a51fed1c9714a8c019600 was updated well!
Tue, 22 Sep 2020 19:36:11 GMT - Info - Order 5f6a51fed1c9714a8c019600 was updated well!
Tue, 22 Sep 2020 19:36:12 GMT - Info - Order 5f6a51fed1c9714a8c019600 was updated well!
